<?xml version="1.0" encoding="UTF-8"?>
<!-- Generated by org.testng.reporters.JUnitReportReporter -->
<testsuite hostname="dziashkevich" name="AccountUnitTest" tests="1" failures="0" timestamp="23 Jun 2016 17:26:17 GMT" time="6.493" errors="0">
  <testcase name="temperatureMeasurementSystemChanging" time="6.493" classname="AccountUnitTest"/>
</testsuite> <!-- AccountUnitTest -->
